<?xml version="1.0" encoding="UTF-8"?>
<testsuite name="agh.ics.oop.GrassFieldTest" tests="6" skipped="0" failures="0" errors="0" timestamp="2021-11-22T12:54:23" hostname="IDEAPAD330" time="0.037">
  <properties/>
  <testcase name="testToString()" classname="agh.ics.oop.GrassFieldTest" time="0.024"/>
  <testcase name="testIsOcuppied()" classname="agh.ics.oop.GrassFieldTest" time="0.004"/>
  <testcase name="testCanMoveTo()" classname="agh.ics.oop.GrassFieldTest" time="0.0"/>
  <testcase name="testObjectAt()" classname="agh.ics.oop.GrassFieldTest" time="0.003"/>
  <testcase name="testFindingLowerCorner()" classname="agh.ics.oop.GrassFieldTest" time="0.001"/>
  <testcase name="testFindingUpperCorner()" classname="agh.ics.oop.GrassFieldTest" time="0.001"/>
  <system-out><![CDATA[]]></system-out>
  <system-err><![CDATA[]]></system-err>
</testsuite>
