<?xml version="1.0" encoding="UTF-8"?>
<testsuite name="agh.ics.oop.OptionsParserTest" tests="1" skipped="0" failures="0" errors="0" timestamp="2021-12-04T08:41:10" hostname="IDEAPAD330" time="0.027">
  <properties/>
  <testcase name="parseTest()" classname="agh.ics.oop.OptionsParserTest" time="0.027"/>
  <system-out><![CDATA[]]></system-out>
  <system-err><![CDATA[]]></system-err>
</testsuite>
